<?xml version="1.0" encoding="UTF-8"?>
<testng-results skipped="0" failed="0" ignored="0" total="1" passed="1">
  <reporter-output>
  </reporter-output>
  <suite name="Suite" duration-ms="103" started-at="2019-09-02T11:49:30Z" finished-at="2019-09-02T11:49:30Z">
    <groups>
    </groups>
    <test name="Test" duration-ms="103" started-at="2019-09-02T11:49:30Z" finished-at="2019-09-02T11:49:30Z">
      <class name="com.CodeCoverage.TestMessageBuilder">
        <test-method status="PASS" signature="testNameMkyong()[pri:0, instance:com.CodeCoverage.TestMessageBuilder@76911385]" name="testNameMkyong" duration-ms="30" started-at="2019-09-02T11:49:30Z" finished-at="2019-09-02T11:49:30Z">
          <reporter-output>
          </reporter-output>
        </test-method> <!-- testNameMkyong -->
      </class> <!-- com.CodeCoverage.TestMessageBuilder -->
    </test> <!-- Test -->
  </suite> <!-- Suite -->
</testng-results>
