<?xml version="1.0" encoding="UTF-8"?>
<testng-results skipped="0" failed="0" total="1" passed="1">
  <reporter-output>
  </reporter-output>
  <suite name="Default suite" duration-ms="53" started-at="2019-09-02T10:48:00Z" finished-at="2019-09-02T10:48:00Z">
    <groups>
    </groups>
    <test name="Default test" duration-ms="53" started-at="2019-09-02T10:48:00Z" finished-at="2019-09-02T10:48:00Z">
      <class name="com.CodeCoverage.TestMessageBuilder">
        <test-method status="PASS" signature="testNameMkyong()[pri:0, instance:com.CodeCoverage.TestMessageBuilder@1bc6a36e]" name="testNameMkyong" duration-ms="28" started-at="2019-09-02T16:18:00Z" finished-at="2019-09-02T16:18:00Z">
          <reporter-output>
          </reporter-output>
        </test-method> <!-- testNameMkyong -->
      </class> <!-- com.CodeCoverage.TestMessageBuilder -->
    </test> <!-- Default test -->
  </suite> <!-- Default suite -->
</testng-results>
